Flow report for 4bitcounter
Tue Nov 06 21:53:30 2018
Quartus II 64-Bit Version 13.0.1 Build 232 06/12/2013 Service Pack 1 SJ Web Edition


---------------------
; Table of Contents ;
---------------------
  1. Legal Notice
  2. Flow Summary
  3. Flow Settings
  4. Flow Non-Default Global Settings
  5. Flow Elapsed Time
  6. Flow OS Summary
  7. Flow Log
  8. Flow Messages
  9. Flow Suppressed Messages



----------------
; Legal Notice ;
----------------
Copyright (C) 1991-2013 Altera Corporation
Your use of Altera Corporation's design tools, logic functions 
and other software and tools, and its AMPP partner logic 
functions, and any output files from any of the foregoing 
(including device programming or simulation files), and any 
associated documentation or information are expressly subject 
to the terms and conditions of the Altera Program License 
Subscription Agreement, Altera MegaCore Function License 
Agreement, or other applicable license agreement, including, 
without limitation, that your use is for the sole purpose of 
programming logic devices manufactured by Altera and sold by 
Altera or its authorized distributors.  Please refer to the 
applicable agreement for further details.



+--------------------------------------------------------------------------------------+
; Flow Summary                                                                         ;
+------------------------------------+-------------------------------------------------+
; Flow Status                        ; Successful - Tue Nov 06 21:53:26 2018           ;
; Quartus II 64-Bit Version          ; 13.0.1 Build 232 06/12/2013 SP 1 SJ Web Edition ;
; Revision Name                      ; 4bitcounter                                     ;
; Top-level Entity Name              ; fourbitcounter                                  ;
; Family                             ; Cyclone III                                     ;
; Device                             ; EP3C25F256C8                                    ;
; Timing Models                      ; Final                                           ;
; Total logic elements               ; 6 / 24,624 ( < 1 % )                            ;
;     Total combinational functions  ; 6 / 24,624 ( < 1 % )                            ;
;     Dedicated logic registers      ; 4 / 24,624 ( < 1 % )                            ;
; Total registers                    ; 4                                               ;
; Total pins                         ; 12 / 157 ( 8 % )                                ;
; Total virtual pins                 ; 0                                               ;
; Total memory bits                  ; 0 / 608,256 ( 0 % )                             ;
; Embedded Multiplier 9-bit elements ; 0 / 132 ( 0 % )                                 ;
; Total PLLs                         ; 0 / 4 ( 0 % )                                   ;
+------------------------------------+-------------------------------------------------+


+-----------------------------------------+
; Flow Settings                           ;
+-------------------+---------------------+
; Option            ; Setting             ;
+-------------------+---------------------+
; Start date & time ; 11/06/2018 21:53:10 ;
; Main task         ; Compilation         ;
; Revision Name     ; 4bitcounter         ;
+-------------------+---------------------+


+--------------------------------------------------------------------------------------------------------------------+
; Flow Non-Default Global Settings                                                                                   ;
+-------------------------------------+--------------------------------+---------------+----------------+------------+
; Assignment Name                     ; Value                          ; Default Value ; Entity Name    ; Section Id ;
+-------------------------------------+--------------------------------+---------------+----------------+------------+
; COMPILER_SIGNATURE_ID               ; 22942255938035.154153039020704 ; --            ; --             ; --         ;
; MAX_CORE_JUNCTION_TEMP              ; 85                             ; --            ; --             ; --         ;
; MIN_CORE_JUNCTION_TEMP              ; 0                              ; --            ; --             ; --         ;
; NOMINAL_CORE_SUPPLY_VOLTAGE         ; 1.2V                           ; --            ; --             ; --         ;
; PARTITION_COLOR                     ; 16764057                       ; --            ; fourbitcounter ; Top        ;
; PARTITION_FITTER_PRESERVATION_LEVEL ; PLACEMENT_AND_ROUTING          ; --            ; fourbitcounter ; Top        ;
; PARTITION_NETLIST_TYPE              ; SOURCE                         ; --            ; fourbitcounter ; Top        ;
; PROJECT_OUTPUT_DIRECTORY            ; output_files                   ; --            ; --             ; --         ;
; TOP_LEVEL_ENTITY                    ; fourbitcounter                 ; 4bitcounter   ; --             ; --         ;
+-------------------------------------+--------------------------------+---------------+----------------+------------+


+-------------------------------------------------------------------------------------------------------------------------------+
; Flow Elapsed Time                                                                                                             ;
+---------------------------+--------------+-------------------------+---------------------+------------------------------------+
; Module Name               ; Elapsed Time ; Average Processors Used ; Peak Virtual Memory ; Total CPU Time (on all processors) ;
+---------------------------+--------------+-------------------------+---------------------+------------------------------------+
; Analysis & Synthesis      ; 00:00:03     ; 1.0                     ; 4650 MB             ; 00:00:03                           ;
; Fitter                    ; 00:00:09     ; 1.0                     ; 4929 MB             ; 00:00:09                           ;
; Assembler                 ; 00:00:02     ; 1.0                     ; 4555 MB             ; 00:00:02                           ;
; TimeQuest Timing Analyzer ; 00:00:02     ; 1.0                     ; 4609 MB             ; 00:00:02                           ;
; Total                     ; 00:00:16     ; --                      ; --                  ; 00:00:16                           ;
+---------------------------+--------------+-------------------------+---------------------+------------------------------------+


+----------------------------------------------------------------------------------------+
; Flow OS Summary                                                                        ;
+---------------------------+------------------+-----------+------------+----------------+
; Module Name               ; Machine Hostname ; OS Name   ; OS Version ; Processor type ;
+---------------------------+------------------+-----------+------------+----------------+
; Analysis & Synthesis      ; Ersin            ; Windows 7 ; 6.2        ; x86_64         ;
; Fitter                    ; Ersin            ; Windows 7 ; 6.2        ; x86_64         ;
; Assembler                 ; Ersin            ; Windows 7 ; 6.2        ; x86_64         ;
; TimeQuest Timing Analyzer ; Ersin            ; Windows 7 ; 6.2        ; x86_64         ;
+---------------------------+------------------+-----------+------------+----------------+


------------
; Flow Log ;
------------
quartus_map --read_settings_files=on --write_settings_files=off 4bitcounter -c 4bitcounter
quartus_fit --read_settings_files=off --write_settings_files=off 4bitcounter -c 4bitcounter
quartus_asm --read_settings_files=off --write_settings_files=off 4bitcounter -c 4bitcounter
quartus_sta 4bitcounter -c 4bitcounter



